2026-06-14T08:02:36.988+07:00  INFO 36944 --- [WATCH] [main] WEB.WATCH.WatchApplication               : Starting WatchApplication using Java 17.0.12 with PID 36944 (E:\JAVA\02-BUINGOCLANANH-CHIEUCHUNHAT\WATCH\target\classes started by DELL in E:\JAVA\02-BUINGOCLANANH-CHIEUCHUNHAT\WATCH)
2026-06-14T08:02:36.994+07:00  INFO 36944 --- [WATCH] [main] WEB.WATCH.WatchApplication               : No active profile set, falling back to 1 default profile: "default"
2026-06-14T08:02:37.956+07:00  INFO 36944 --- [WATCH] [main] .s.d.r.c.RepositoryConfigurationDelegate : Bootstrapping Spring Data JPA repositories in DEFAULT mode.
2026-06-14T08:02:38.021+07:00  INFO 36944 --- [WATCH] [main] .s.d.r.c.RepositoryConfigurationDelegate : Finished Spring Data repository scanning in 56 ms. Found 12 JPA repository interfaces.
2026-06-14T08:02:38.837+07:00  INFO 36944 --- [WATCH] [main] o.s.b.w.embedded.tomcat.TomcatWebServer  : Tomcat initialized with port 8080 (http)
2026-06-14T08:02:38.853+07:00  INFO 36944 --- [WATCH] [main] o.apache.catalina.core.StandardService   : Starting service [Tomcat]
2026-06-14T08:02:38.854+07:00  INFO 36944 --- [WATCH] [main] o.apache.catalina.core.StandardEngine    : Starting Servlet engine: [Apache Tomcat/10.1.54]
2026-06-14T08:02:38.967+07:00  INFO 36944 --- [WATCH] [main] o.a.c.c.C.[Tomcat].[localhost].[/]       : Initializing Spring embedded WebApplicationContext
2026-06-14T08:02:38.969+07:00  INFO 36944 --- [WATCH] [main] w.s.c.ServletWebServerApplicationContext : Root WebApplicationContext: initialization completed in 1723 ms
2026-06-14T08:02:39.264+07:00  INFO 36944 --- [WATCH] [main] o.hibernate.jpa.internal.util.LogHelper  : HHH000204: Processing PersistenceUnitInfo [name: default]
2026-06-14T08:02:39.350+07:00  INFO 36944 --- [WATCH] [main] org.hibernate.Version                    : HHH000412: Hibernate ORM core version 6.6.49.Final
2026-06-14T08:02:39.419+07:00  INFO 36944 --- [WATCH] [main] o.h.c.internal.RegionFactoryInitiator    : HHH000026: Second-level cache disabled
2026-06-14T08:02:39.828+07:00  INFO 36944 --- [WATCH] [main] o.s.o.j.p.SpringPersistenceUnitInfo      : No LoadTimeWeaver setup: ignoring JPA class transformer
2026-06-14T08:02:39.876+07:00  INFO 36944 --- [WATCH] [main] com.zaxxer.hikari.HikariDataSource       : HikariPool-1 - Starting...
2026-06-14T08:02:40.190+07:00  INFO 36944 --- [WATCH] [main] com.zaxxer.hikari.pool.HikariPool        : HikariPool-1 - Added connection com.mysql.cj.jdbc.ConnectionImpl@71418a4a
2026-06-14T08:02:40.192+07:00  INFO 36944 --- [WATCH] [main] com.zaxxer.hikari.HikariDataSource       : HikariPool-1 - Start completed.
2026-06-14T08:02:40.238+07:00  WARN 36944 --- [WATCH] [main] org.hibernate.orm.deprecation            : HHH90000025: MySQLDialect does not need to be specified explicitly using 'hibernate.dialect' (remove the property setting and it will be selected by default)
2026-06-14T08:02:40.252+07:00  INFO 36944 --- [WATCH] [main] org.hibernate.orm.connections.pooling    : HHH10001005: Database info:
	Database JDBC URL [Connecting through datasource 'HikariDataSource (HikariPool-1)']
	Database driver: undefined/unknown
	Database version: 8.4.3
	Autocommit mode: undefined/unknown
	Isolation level: undefined/unknown
	Minimum pool size: undefined/unknown
	Maximum pool size: undefined/unknown
2026-06-14T08:02:41.082+07:00  INFO 36944 --- [WATCH] [main] o.h.e.t.j.p.i.JtaPlatformInitiator       : HHH000489: No JTA platform available (set 'hibernate.transaction.jta.platform' to enable JTA platform integration)
2026-06-14T08:02:41.202+07:00  INFO 36944 --- [WATCH] [main] j.LocalContainerEntityManagerFactoryBean : Initialized JPA EntityManagerFactory for persistence unit 'default'
2026-06-14T08:02:41.551+07:00  INFO 36944 --- [WATCH] [main] o.s.d.j.r.query.QueryEnhancerFactory     : Hibernate is in classpath; If applicable, HQL parser will be used.
2026-06-14T08:02:42.700+07:00  WARN 36944 --- [WATCH] [main] JpaBaseConfiguration$JpaWebConfiguration : spring.jpa.open-in-view is enabled by default. Therefore, database queries may be performed during view rendering. Explicitly configure spring.jpa.open-in-view to disable this warning
2026-06-14T08:02:43.039+07:00  INFO 36944 --- [WATCH] [main] eAuthenticationProviderManagerConfigurer : Global AuthenticationManager configured with AuthenticationProvider bean with name authenticationProvider
2026-06-14T08:02:43.040+07:00  WARN 36944 --- [WATCH] [main] r$InitializeUserDetailsManagerConfigurer : Global AuthenticationManager configured with an AuthenticationProvider bean. UserDetailsService beans will not be used by Spring Security for automatically configuring username/password login. Consider removing the AuthenticationProvider bean. Alternatively, consider using the UserDetailsService in a manually instantiated DaoAuthenticationProvider. If the current configuration is intentional, to turn off this warning, increase the logging level of 'org.springframework.security.config.annotation.authentication.configuration.InitializeUserDetailsBeanManagerConfigurer' to ERROR
2026-06-14T08:02:43.636+07:00  INFO 36944 --- [WATCH] [main] o.s.b.w.embedded.tomcat.TomcatWebServer  : Tomcat started on port 8080 (http) with context path '/'
2026-06-14T08:02:43.646+07:00  INFO 36944 --- [WATCH] [main] WEB.WATCH.WatchApplication               : Started WatchApplication in 7.1 seconds (process running for 7.526)
2026-06-14T08:02:55.109+07:00  INFO 36944 --- [WATCH] [http-nio-8080-exec-1] o.a.c.c.C.[Tomcat].[localhost].[/]       : Initializing Spring DispatcherServlet 'dispatcherServlet'
2026-06-14T08:02:55.109+07:00  INFO 36944 --- [WATCH] [http-nio-8080-exec-1] o.s.web.servlet.DispatcherServlet        : Initializing Servlet 'dispatcherServlet'
2026-06-14T08:02:55.111+07:00  INFO 36944 --- [WATCH] [http-nio-8080-exec-1] o.s.web.servlet.DispatcherServlet        : Completed initialization in 1 ms
2026-06-14T08:57:35.505+07:00  WARN 36944 --- [WATCH] [HikariPool-1:housekeeper] com.zaxxer.hikari.pool.HikariPool        : HikariPool-1 - Thread starvation or clock leap detected (housekeeper delta=10m24s484ms800µs700ns).
2026-06-14T11:29:22.957+07:00  INFO 36944 --- [WATCH] [SpringApplicationShutdownHook] o.s.b.w.e.tomcat.GracefulShutdown        : Commencing graceful shutdown. Waiting for active requests to complete
2026-06-14T11:29:23.230+07:00  INFO 36944 --- [WATCH] [tomcat-shutdown] o.s.b.w.e.tomcat.GracefulShutdown        : Graceful shutdown complete
2026-06-14T11:29:23.266+07:00  INFO 36944 --- [WATCH] [SpringApplicationShutdownHook] j.LocalContainerEntityManagerFactoryBean : Closing JPA EntityManagerFactory for persistence unit 'default'
2026-06-14T11:29:23.315+07:00  INFO 36944 --- [WATCH] [SpringApplicationShutdownHook] com.zaxxer.hikari.HikariDataSource       : HikariPool-1 - Shutdown initiated...
2026-06-14T11:29:23.327+07:00  INFO 36944 --- [WATCH] [SpringApplicationShutdownHook] com.zaxxer.hikari.HikariDataSource       : HikariPool-1 - Shutdown completed.
